   0  $accept : program $end

   1  program : program function new_lines
   2          | function new_lines
   3          | function
   4          | program function

   5  func_body : '{' stmt_list '}'
   6            | '{' new_lines stmt_list '}'

   7  new_lines : new_lines NEWLINE
   8            | NEWLINE

   9  function : INK ID '(' par_list ')' ARROW RET_TYPE func_body
  10           | INK ID '(' ')' ARROW RET_TYPE func_body
  11           | INK ID '(' par_list ')' ARROW RET_TYPE new_lines func_body
  12           | INK ID '(' ')' ARROW RET_TYPE new_lines func_body

  13  RET_TYPE : datatype
  14           | VOID

  15  par_list : par_list ',' par
  16           | par

  17  par : datatype ID

  18  datatype : IMG
  19           | GRAY_IMG
  20           | VID
  21           | GRAY_VID
  22           | NUM
  23           | REAL
  24           | BOOL

  25  stmt_list : stmt
  26            | stmt_list stmt

  27  stmt : decl_stmt
  28       | call_stmt new_lines
  29       | in_built_call_stmt new_lines
  30       | expr_stmt
  31       | return_stmt
  32       | '{' new_lines stmt_list '}'
  33       | '{' stmt_list '}'

  34  return_stmt : RETURN expr_pred new_lines
  35              | RETURN VOID new_lines

  36  decl_stmt : img_decl
  37            | gray_img_decl
  38            | vid_decl
  39            | gray_vid_decl
  40            | num_decl
  41            | real_decl
  42            | num_array_decl
  43            | real_array_decl

  44  img_decl : IMG ID '<' NUM_LIT ',' NUM_LIT '>' new_lines
  45           | IMG ID '<' NUM_LIT ',' NUM_LIT ',' NUM_LIT '>' new_lines
  46           | IMG ID '<' PATH '>' new_lines
  47           | IMG ID '=' expr_pred new_lines

  48  gray_img_decl : GRAY_IMG ID '<' NUM_LIT ',' NUM_LIT '>' new_lines
  49                | GRAY_IMG ID '<' NUM_LIT ',' NUM_LIT ',' NUM_LIT '>' new_lines
  50                | GRAY_IMG ID '<' PATH '>' new_lines
  51                | GRAY_IMG ID '=' expr_pred new_lines

  52  vid_decl : VID ID '<' NUM_LIT ',' NUM_LIT '>' new_lines
  53           | VID ID '<' NUM_LIT ',' NUM_LIT ',' NUM_LIT '>' new_lines

  54  gray_vid_decl : GRAY_VID ID '<' NUM_LIT ',' NUM_LIT '>' new_lines
  55                | GRAY_VID ID '<' NUM_LIT ',' NUM_LIT ',' NUM_LIT '>' new_lines

  56  num_decl : NUM ID new_lines
  57           | NUM ID '=' expr_pred new_lines

  58  real_decl : REAL ID new_lines
  59            | REAL ID '=' expr_pred new_lines

  60  num_array_decl : NUM array_element ID new_lines
  61                 | NUM array_element ID '=' ID new_lines
  62                 | NUM array_element ID '=' brak_pred new_lines

  63  real_array_decl : REAL array_element ID new_lines
  64                  | REAL array_element ID '=' ID new_lines
  65                  | REAL array_element ID '=' brak_pred new_lines

  66  brak_pred : '{' brak_pred_list '}'
  67            | '{' lit_list '}'

  68  brak_pred_list : brak_pred_list ',' brak_pred
  69                 | brak_pred

  70  lit_list : lit_list ',' lit
  71           | lit

  72  lit : NUM_LIT
  73      | REAL_LIT
  74      | BOOL_LIT

  75  call_stmt : ID '(' arg_list ')'
  76            | ID '(' ')'

  77  arg_list : arg_list ',' expr_pred
  78           | expr_pred

  79  in_built_call_stmt : ID DOT_OP ID '(' arg_list ')'
  80                     | ID DOT_OP ID '(' ')'

  81  expr_pred : ID
  82            | NUM_LIT
  83            | REAL_LIT
  84            | BOOL_LIT
  85            | expr_pred REL_OP expr_pred
  86            | expr_pred LOG_OP expr_pred
  87            | '(' expr_pred ')'
  88            | NEG_OP expr_pred
  89            | call_stmt
  90            | in_built_call_stmt
  91            | ID array_element
  92            | expr_pred BINARY_OP expr_pred
  93            | expr_pred UNARY_OP
  94            | INV_OP expr_pred

  95  expr_stmt : ID '=' expr_pred new_lines
  96            | ID array_element '=' expr_pred new_lines

  97  array_element : '[' expr_pred ']'
  98                | '[' expr_pred ',' expr_pred ']'
  99                | '[' expr_pred ',' expr_pred ',' expr_pred ']'

state 0
	$accept : . program $end  (0)

	INK  shift 1
	.  error

	program  goto 2
	function  goto 3


state 1
	function : INK . ID '(' par_list ')' ARROW RET_TYPE func_body  (9)
	function : INK . ID '(' ')' ARROW RET_TYPE func_body  (10)
	function : INK . ID '(' par_list ')' ARROW RET_TYPE new_lines func_body  (11)
	function : INK . ID '(' ')' ARROW RET_TYPE new_lines func_body  (12)

	ID  shift 4
	.  error


state 2
	$accept : program . $end  (0)
	program : program . function new_lines  (1)
	program : program . function  (4)

	$end  accept
	INK  shift 1
	.  error

	function  goto 5


state 3
	program : function . new_lines  (2)
	program : function .  (3)

	NEWLINE  shift 6
	$end  reduce 3
	INK  reduce 3

	new_lines  goto 7


state 4
	function : INK ID . '(' par_list ')' ARROW RET_TYPE func_body  (9)
	function : INK ID . '(' ')' ARROW RET_TYPE func_body  (10)
	function : INK ID . '(' par_list ')' ARROW RET_TYPE new_lines func_body  (11)
	function : INK ID . '(' ')' ARROW RET_TYPE new_lines func_body  (12)

	'('  shift 8
	.  error


state 5
	program : program function . new_lines  (1)
	program : program function .  (4)

	NEWLINE  shift 6
	$end  reduce 4
	INK  reduce 4

	new_lines  goto 9


state 6
	new_lines : NEWLINE .  (8)

	.  reduce 8


state 7
	program : function new_lines .  (2)
	new_lines : new_lines . NEWLINE  (7)

	NEWLINE  shift 10
	$end  reduce 2
	INK  reduce 2


state 8
	function : INK ID '(' . par_list ')' ARROW RET_TYPE func_body  (9)
	function : INK ID '(' . ')' ARROW RET_TYPE func_body  (10)
	function : INK ID '(' . par_list ')' ARROW RET_TYPE new_lines func_body  (11)
	function : INK ID '(' . ')' ARROW RET_TYPE new_lines func_body  (12)

	IMG  shift 11
	GRAY_IMG  shift 12
	VID  shift 13
	GRAY_VID  shift 14
	NUM  shift 15
	REAL  shift 16
	BOOL  shift 17
	')'  shift 18
	.  error

	par_list  goto 19
	datatype  goto 20
	par  goto 21


state 9
	program : program function new_lines .  (1)
	new_lines : new_lines . NEWLINE  (7)

	NEWLINE  shift 10
	$end  reduce 1
	INK  reduce 1


state 10
	new_lines : new_lines NEWLINE .  (7)

	.  reduce 7


state 11
	datatype : IMG .  (18)

	.  reduce 18


state 12
	datatype : GRAY_IMG .  (19)

	.  reduce 19


state 13
	datatype : VID .  (20)

	.  reduce 20


state 14
	datatype : GRAY_VID .  (21)

	.  reduce 21


state 15
	datatype : NUM .  (22)

	.  reduce 22


state 16
	datatype : REAL .  (23)

	.  reduce 23


state 17
	datatype : BOOL .  (24)

	.  reduce 24


state 18
	function : INK ID '(' ')' . ARROW RET_TYPE func_body  (10)
	function : INK ID '(' ')' . ARROW RET_TYPE new_lines func_body  (12)

	ARROW  shift 22
	.  error


state 19
	function : INK ID '(' par_list . ')' ARROW RET_TYPE func_body  (9)
	function : INK ID '(' par_list . ')' ARROW RET_TYPE new_lines func_body  (11)
	par_list : par_list . ',' par  (15)

	')'  shift 23
	','  shift 24
	.  error


state 20
	par : datatype . ID  (17)

	ID  shift 25
	.  error


state 21
	par_list : par .  (16)

	.  reduce 16


state 22
	function : INK ID '(' ')' ARROW . RET_TYPE func_body  (10)
	function : INK ID '(' ')' ARROW . RET_TYPE new_lines func_body  (12)

	IMG  shift 11
	GRAY_IMG  shift 12
	VID  shift 13
	GRAY_VID  shift 14
	NUM  shift 15
	REAL  shift 16
	VOID  shift 26
	BOOL  shift 17
	.  error

	RET_TYPE  goto 27
	datatype  goto 28


state 23
	function : INK ID '(' par_list ')' . ARROW RET_TYPE func_body  (9)
	function : INK ID '(' par_list ')' . ARROW RET_TYPE new_lines func_body  (11)

	ARROW  shift 29
	.  error


state 24
	par_list : par_list ',' . par  (15)

	IMG  shift 11
	GRAY_IMG  shift 12
	VID  shift 13
	GRAY_VID  shift 14
	NUM  shift 15
	REAL  shift 16
	BOOL  shift 17
	.  error

	datatype  goto 20
	par  goto 30


state 25
	par : datatype ID .  (17)

	.  reduce 17


state 26
	RET_TYPE : VOID .  (14)

	.  reduce 14


state 27
	function : INK ID '(' ')' ARROW RET_TYPE . func_body  (10)
	function : INK ID '(' ')' ARROW RET_TYPE . new_lines func_body  (12)

	NEWLINE  shift 6
	'{'  shift 31
	.  error

	new_lines  goto 32
	func_body  goto 33


state 28
	RET_TYPE : datatype .  (13)

	.  reduce 13


state 29
	function : INK ID '(' par_list ')' ARROW . RET_TYPE func_body  (9)
	function : INK ID '(' par_list ')' ARROW . RET_TYPE new_lines func_body  (11)

	IMG  shift 11
	GRAY_IMG  shift 12
	VID  shift 13
	GRAY_VID  shift 14
	NUM  shift 15
	REAL  shift 16
	VOID  shift 26
	BOOL  shift 17
	.  error

	RET_TYPE  goto 34
	datatype  goto 28


state 30
	par_list : par_list ',' par .  (15)

	.  reduce 15


state 31
	func_body : '{' . stmt_list '}'  (5)
	func_body : '{' . new_lines stmt_list '}'  (6)

	RETURN  shift 35
	IMG  shift 36
	GRAY_IMG  shift 37
	VID  shift 38
	GRAY_VID  shift 39
	NUM  shift 40
	REAL  shift 41
	NEWLINE  shift 6
	ID  shift 42
	'{'  shift 43
	.  error

	new_lines  goto 44
	stmt_list  goto 45
	stmt  goto 46
	decl_stmt  goto 47
	call_stmt  goto 48
	in_built_call_stmt  goto 49
	expr_stmt  goto 50
	return_stmt  goto 51
	img_decl  goto 52
	gray_img_decl  goto 53
	vid_decl  goto 54
	gray_vid_decl  goto 55
	num_decl  goto 56
	real_decl  goto 57
	num_array_decl  goto 58
	real_array_decl  goto 59


state 32
	new_lines : new_lines . NEWLINE  (7)
	function : INK ID '(' ')' ARROW RET_TYPE new_lines . func_body  (12)

	NEWLINE  shift 10
	'{'  shift 31
	.  error

	func_body  goto 60


state 33
	function : INK ID '(' ')' ARROW RET_TYPE func_body .  (10)

	.  reduce 10


state 34
	function : INK ID '(' par_list ')' ARROW RET_TYPE . func_body  (9)
	function : INK ID '(' par_list ')' ARROW RET_TYPE . new_lines func_body  (11)

	NEWLINE  shift 6
	'{'  shift 31
	.  error

	new_lines  goto 61
	func_body  goto 62


state 35
	return_stmt : RETURN . expr_pred new_lines  (34)
	return_stmt : RETURN . VOID new_lines  (35)

	NEG_OP  shift 63
	VOID  shift 64
	BOOL_LIT  shift 65
	ID  shift 66
	NUM_LIT  shift 67
	REAL_LIT  shift 68
	INV_OP  shift 69
	'('  shift 70
	.  error

	call_stmt  goto 71
	in_built_call_stmt  goto 72
	expr_pred  goto 73


state 36
	img_decl : IMG . ID '<' NUM_LIT ',' NUM_LIT '>' new_lines  (44)
	img_decl : IMG . ID '<' NUM_LIT ',' NUM_LIT ',' NUM_LIT '>' new_lines  (45)
	img_decl : IMG . ID '<' PATH '>' new_lines  (46)
	img_decl : IMG . ID '=' expr_pred new_lines  (47)

	ID  shift 74
	.  error


state 37
	gray_img_decl : GRAY_IMG . ID '<' NUM_LIT ',' NUM_LIT '>' new_lines  (48)
	gray_img_decl : GRAY_IMG . ID '<' NUM_LIT ',' NUM_LIT ',' NUM_LIT '>' new_lines  (49)
	gray_img_decl : GRAY_IMG . ID '<' PATH '>' new_lines  (50)
	gray_img_decl : GRAY_IMG . ID '=' expr_pred new_lines  (51)

	ID  shift 75
	.  error


state 38
	vid_decl : VID . ID '<' NUM_LIT ',' NUM_LIT '>' new_lines  (52)
	vid_decl : VID . ID '<' NUM_LIT ',' NUM_LIT ',' NUM_LIT '>' new_lines  (53)

	ID  shift 76
	.  error


state 39
	gray_vid_decl : GRAY_VID . ID '<' NUM_LIT ',' NUM_LIT '>' new_lines  (54)
	gray_vid_decl : GRAY_VID . ID '<' NUM_LIT ',' NUM_LIT ',' NUM_LIT '>' new_lines  (55)

	ID  shift 77
	.  error


state 40
	num_decl : NUM . ID new_lines  (56)
	num_decl : NUM . ID '=' expr_pred new_lines  (57)
	num_array_decl : NUM . array_element ID new_lines  (60)
	num_array_decl : NUM . array_element ID '=' ID new_lines  (61)
	num_array_decl : NUM . array_element ID '=' brak_pred new_lines  (62)

	ID  shift 78
	'['  shift 79
	.  error

	array_element  goto 80


state 41
	real_decl : REAL . ID new_lines  (58)
	real_decl : REAL . ID '=' expr_pred new_lines  (59)
	real_array_decl : REAL . array_element ID new_lines  (63)
	real_array_decl : REAL . array_element ID '=' ID new_lines  (64)
	real_array_decl : REAL . array_element ID '=' brak_pred new_lines  (65)

	ID  shift 81
	'['  shift 79
	.  error

	array_element  goto 82


state 42
	call_stmt : ID . '(' arg_list ')'  (75)
	call_stmt : ID . '(' ')'  (76)
	in_built_call_stmt : ID . DOT_OP ID '(' arg_list ')'  (79)
	in_built_call_stmt : ID . DOT_OP ID '(' ')'  (80)
	expr_stmt : ID . '=' expr_pred new_lines  (95)
	expr_stmt : ID . array_element '=' expr_pred new_lines  (96)

	DOT_OP  shift 83
	'('  shift 84
	'='  shift 85
	'['  shift 79
	.  error

	array_element  goto 86


state 43
	stmt : '{' . new_lines stmt_list '}'  (32)
	stmt : '{' . stmt_list '}'  (33)

	RETURN  shift 35
	IMG  shift 36
	GRAY_IMG  shift 37
	VID  shift 38
	GRAY_VID  shift 39
	NUM  shift 40
	REAL  shift 41
	NEWLINE  shift 6
	ID  shift 42
	'{'  shift 43
	.  error

	new_lines  goto 87
	stmt_list  goto 88
	stmt  goto 46
	decl_stmt  goto 47
	call_stmt  goto 48
	in_built_call_stmt  goto 49
	expr_stmt  goto 50
	return_stmt  goto 51
	img_decl  goto 52
	gray_img_decl  goto 53
	vid_decl  goto 54
	gray_vid_decl  goto 55
	num_decl  goto 56
	real_decl  goto 57
	num_array_decl  goto 58
	real_array_decl  goto 59


state 44
	func_body : '{' new_lines . stmt_list '}'  (6)
	new_lines : new_lines . NEWLINE  (7)

	RETURN  shift 35
	IMG  shift 36
	GRAY_IMG  shift 37
	VID  shift 38
	GRAY_VID  shift 39
	NUM  shift 40
	REAL  shift 41
	NEWLINE  shift 10
	ID  shift 42
	'{'  shift 43
	.  error

	stmt_list  goto 89
	stmt  goto 46
	decl_stmt  goto 47
	call_stmt  goto 48
	in_built_call_stmt  goto 49
	expr_stmt  goto 50
	return_stmt  goto 51
	img_decl  goto 52
	gray_img_decl  goto 53
	vid_decl  goto 54
	gray_vid_decl  goto 55
	num_decl  goto 56
	real_decl  goto 57
	num_array_decl  goto 58
	real_array_decl  goto 59


state 45
	func_body : '{' stmt_list . '}'  (5)
	stmt_list : stmt_list . stmt  (26)

	RETURN  shift 35
	IMG  shift 36
	GRAY_IMG  shift 37
	VID  shift 38
	GRAY_VID  shift 39
	NUM  shift 40
	REAL  shift 41
	ID  shift 42
	'{'  shift 43
	'}'  shift 90
	.  error

	stmt  goto 91
	decl_stmt  goto 47
	call_stmt  goto 48
	in_built_call_stmt  goto 49
	expr_stmt  goto 50
	return_stmt  goto 51
	img_decl  goto 52
	gray_img_decl  goto 53
	vid_decl  goto 54
	gray_vid_decl  goto 55
	num_decl  goto 56
	real_decl  goto 57
	num_array_decl  goto 58
	real_array_decl  goto 59


state 46
	stmt_list : stmt .  (25)

	.  reduce 25


state 47
	stmt : decl_stmt .  (27)

	.  reduce 27


state 48
	stmt : call_stmt . new_lines  (28)

	NEWLINE  shift 6
	.  error

	new_lines  goto 92


state 49
	stmt : in_built_call_stmt . new_lines  (29)

	NEWLINE  shift 6
	.  error

	new_lines  goto 93


state 50
	stmt : expr_stmt .  (30)

	.  reduce 30


state 51
	stmt : return_stmt .  (31)

	.  reduce 31


state 52
	decl_stmt : img_decl .  (36)

	.  reduce 36


state 53
	decl_stmt : gray_img_decl .  (37)

	.  reduce 37


state 54
	decl_stmt : vid_decl .  (38)

	.  reduce 38


state 55
	decl_stmt : gray_vid_decl .  (39)

	.  reduce 39


state 56
	decl_stmt : num_decl .  (40)

	.  reduce 40


state 57
	decl_stmt : real_decl .  (41)

	.  reduce 41


state 58
	decl_stmt : num_array_decl .  (42)

	.  reduce 42


state 59
	decl_stmt : real_array_decl .  (43)

	.  reduce 43


state 60
	function : INK ID '(' ')' ARROW RET_TYPE new_lines func_body .  (12)

	.  reduce 12


state 61
	new_lines : new_lines . NEWLINE  (7)
	function : INK ID '(' par_list ')' ARROW RET_TYPE new_lines . func_body  (11)

	NEWLINE  shift 10
	'{'  shift 31
	.  error

	func_body  goto 94


state 62
	function : INK ID '(' par_list ')' ARROW RET_TYPE func_body .  (9)

	.  reduce 9


state 63
	expr_pred : NEG_OP . expr_pred  (88)

	NEG_OP  shift 63
	BOOL_LIT  shift 65
	ID  shift 66
	NUM_LIT  shift 67
	REAL_LIT  shift 68
	INV_OP  shift 69
	'('  shift 70
	.  error

	call_stmt  goto 71
	in_built_call_stmt  goto 72
	expr_pred  goto 95


state 64
	return_stmt : RETURN VOID . new_lines  (35)

	NEWLINE  shift 6
	.  error

	new_lines  goto 96


state 65
	expr_pred : BOOL_LIT .  (84)

	.  reduce 84


state 66
	call_stmt : ID . '(' arg_list ')'  (75)
	call_stmt : ID . '(' ')'  (76)
	in_built_call_stmt : ID . DOT_OP ID '(' arg_list ')'  (79)
	in_built_call_stmt : ID . DOT_OP ID '(' ')'  (80)
	expr_pred : ID .  (81)
	expr_pred : ID . array_element  (91)

	DOT_OP  shift 83
	'('  shift 84
	'['  shift 79
	LOG_OP  reduce 81
	REL_OP  reduce 81
	NEWLINE  reduce 81
	BINARY_OP  reduce 81
	UNARY_OP  reduce 81
	')'  reduce 81
	','  reduce 81
	']'  reduce 81

	array_element  goto 97


state 67
	expr_pred : NUM_LIT .  (82)

	.  reduce 82


state 68
	expr_pred : REAL_LIT .  (83)

	.  reduce 83


state 69
	expr_pred : INV_OP . expr_pred  (94)

	NEG_OP  shift 63
	BOOL_LIT  shift 65
	ID  shift 66
	NUM_LIT  shift 67
	REAL_LIT  shift 68
	INV_OP  shift 69
	'('  shift 70
	.  error

	call_stmt  goto 71
	in_built_call_stmt  goto 72
	expr_pred  goto 98


state 70
	expr_pred : '(' . expr_pred ')'  (87)

	NEG_OP  shift 63
	BOOL_LIT  shift 65
	ID  shift 66
	NUM_LIT  shift 67
	REAL_LIT  shift 68
	INV_OP  shift 69
	'('  shift 70
	.  error

	call_stmt  goto 71
	in_built_call_stmt  goto 72
	expr_pred  goto 99


state 71
	expr_pred : call_stmt .  (89)

	.  reduce 89


state 72
	expr_pred : in_built_call_stmt .  (90)

	.  reduce 90


state 73
	return_stmt : RETURN expr_pred . new_lines  (34)
	expr_pred : expr_pred . REL_OP expr_pred  (85)
	expr_pred : expr_pred . LOG_OP expr_pred  (86)
	expr_pred : expr_pred . BINARY_OP expr_pred  (92)
	expr_pred : expr_pred . UNARY_OP  (93)

	LOG_OP  shift 100
	REL_OP  shift 101
	NEWLINE  shift 6
	BINARY_OP  shift 102
	UNARY_OP  shift 103
	.  error

	new_lines  goto 104


state 74
	img_decl : IMG ID . '<' NUM_LIT ',' NUM_LIT '>' new_lines  (44)
	img_decl : IMG ID . '<' NUM_LIT ',' NUM_LIT ',' NUM_LIT '>' new_lines  (45)
	img_decl : IMG ID . '<' PATH '>' new_lines  (46)
	img_decl : IMG ID . '=' expr_pred new_lines  (47)

	'<'  shift 105
	'='  shift 106
	.  error


state 75
	gray_img_decl : GRAY_IMG ID . '<' NUM_LIT ',' NUM_LIT '>' new_lines  (48)
	gray_img_decl : GRAY_IMG ID . '<' NUM_LIT ',' NUM_LIT ',' NUM_LIT '>' new_lines  (49)
	gray_img_decl : GRAY_IMG ID . '<' PATH '>' new_lines  (50)
	gray_img_decl : GRAY_IMG ID . '=' expr_pred new_lines  (51)

	'<'  shift 107
	'='  shift 108
	.  error


state 76
	vid_decl : VID ID . '<' NUM_LIT ',' NUM_LIT '>' new_lines  (52)
	vid_decl : VID ID . '<' NUM_LIT ',' NUM_LIT ',' NUM_LIT '>' new_lines  (53)

	'<'  shift 109
	.  error


state 77
	gray_vid_decl : GRAY_VID ID . '<' NUM_LIT ',' NUM_LIT '>' new_lines  (54)
	gray_vid_decl : GRAY_VID ID . '<' NUM_LIT ',' NUM_LIT ',' NUM_LIT '>' new_lines  (55)

	'<'  shift 110
	.  error


state 78
	num_decl : NUM ID . new_lines  (56)
	num_decl : NUM ID . '=' expr_pred new_lines  (57)

	NEWLINE  shift 6
	'='  shift 111
	.  error

	new_lines  goto 112


state 79
	array_element : '[' . expr_pred ']'  (97)
	array_element : '[' . expr_pred ',' expr_pred ']'  (98)
	array_element : '[' . expr_pred ',' expr_pred ',' expr_pred ']'  (99)

	NEG_OP  shift 63
	BOOL_LIT  shift 65
	ID  shift 66
	NUM_LIT  shift 67
	REAL_LIT  shift 68
	INV_OP  shift 69
	'('  shift 70
	.  error

	call_stmt  goto 71
	in_built_call_stmt  goto 72
	expr_pred  goto 113


state 80
	num_array_decl : NUM array_element . ID new_lines  (60)
	num_array_decl : NUM array_element . ID '=' ID new_lines  (61)
	num_array_decl : NUM array_element . ID '=' brak_pred new_lines  (62)

	ID  shift 114
	.  error


state 81
	real_decl : REAL ID . new_lines  (58)
	real_decl : REAL ID . '=' expr_pred new_lines  (59)

	NEWLINE  shift 6
	'='  shift 115
	.  error

	new_lines  goto 116


state 82
	real_array_decl : REAL array_element . ID new_lines  (63)
	real_array_decl : REAL array_element . ID '=' ID new_lines  (64)
	real_array_decl : REAL array_element . ID '=' brak_pred new_lines  (65)

	ID  shift 117
	.  error


state 83
	in_built_call_stmt : ID DOT_OP . ID '(' arg_list ')'  (79)
	in_built_call_stmt : ID DOT_OP . ID '(' ')'  (80)

	ID  shift 118
	.  error


state 84
	call_stmt : ID '(' . arg_list ')'  (75)
	call_stmt : ID '(' . ')'  (76)

	NEG_OP  shift 63
	BOOL_LIT  shift 65
	ID  shift 66
	NUM_LIT  shift 67
	REAL_LIT  shift 68
	INV_OP  shift 69
	'('  shift 70
	')'  shift 119
	.  error

	call_stmt  goto 71
	in_built_call_stmt  goto 72
	expr_pred  goto 120
	arg_list  goto 121


state 85
	expr_stmt : ID '=' . expr_pred new_lines  (95)

	NEG_OP  shift 63
	BOOL_LIT  shift 65
	ID  shift 66
	NUM_LIT  shift 67
	REAL_LIT  shift 68
	INV_OP  shift 69
	'('  shift 70
	.  error

	call_stmt  goto 71
	in_built_call_stmt  goto 72
	expr_pred  goto 122


state 86
	expr_stmt : ID array_element . '=' expr_pred new_lines  (96)

	'='  shift 123
	.  error


state 87
	new_lines : new_lines . NEWLINE  (7)
	stmt : '{' new_lines . stmt_list '}'  (32)

	RETURN  shift 35
	IMG  shift 36
	GRAY_IMG  shift 37
	VID  shift 38
	GRAY_VID  shift 39
	NUM  shift 40
	REAL  shift 41
	NEWLINE  shift 10
	ID  shift 42
	'{'  shift 43
	.  error

	stmt_list  goto 124
	stmt  goto 46
	decl_stmt  goto 47
	call_stmt  goto 48
	in_built_call_stmt  goto 49
	expr_stmt  goto 50
	return_stmt  goto 51
	img_decl  goto 52
	gray_img_decl  goto 53
	vid_decl  goto 54
	gray_vid_decl  goto 55
	num_decl  goto 56
	real_decl  goto 57
	num_array_decl  goto 58
	real_array_decl  goto 59


state 88
	stmt_list : stmt_list . stmt  (26)
	stmt : '{' stmt_list . '}'  (33)

	RETURN  shift 35
	IMG  shift 36
	GRAY_IMG  shift 37
	VID  shift 38
	GRAY_VID  shift 39
	NUM  shift 40
	REAL  shift 41
	ID  shift 42
	'{'  shift 43
	'}'  shift 125
	.  error

	stmt  goto 91
	decl_stmt  goto 47
	call_stmt  goto 48
	in_built_call_stmt  goto 49
	expr_stmt  goto 50
	return_stmt  goto 51
	img_decl  goto 52
	gray_img_decl  goto 53
	vid_decl  goto 54
	gray_vid_decl  goto 55
	num_decl  goto 56
	real_decl  goto 57
	num_array_decl  goto 58
	real_array_decl  goto 59


state 89
	func_body : '{' new_lines stmt_list . '}'  (6)
	stmt_list : stmt_list . stmt  (26)

	RETURN  shift 35
	IMG  shift 36
	GRAY_IMG  shift 37
	VID  shift 38
	GRAY_VID  shift 39
	NUM  shift 40
	REAL  shift 41
	ID  shift 42
	'{'  shift 43
	'}'  shift 126
	.  error

	stmt  goto 91
	decl_stmt  goto 47
	call_stmt  goto 48
	in_built_call_stmt  goto 49
	expr_stmt  goto 50
	return_stmt  goto 51
	img_decl  goto 52
	gray_img_decl  goto 53
	vid_decl  goto 54
	gray_vid_decl  goto 55
	num_decl  goto 56
	real_decl  goto 57
	num_array_decl  goto 58
	real_array_decl  goto 59


state 90
	func_body : '{' stmt_list '}' .  (5)

	.  reduce 5


state 91
	stmt_list : stmt_list stmt .  (26)

	.  reduce 26


state 92
	new_lines : new_lines . NEWLINE  (7)
	stmt : call_stmt new_lines .  (28)

	NEWLINE  shift 10
	RETURN  reduce 28
	IMG  reduce 28
	GRAY_IMG  reduce 28
	VID  reduce 28
	GRAY_VID  reduce 28
	NUM  reduce 28
	REAL  reduce 28
	ID  reduce 28
	'{'  reduce 28
	'}'  reduce 28


state 93
	new_lines : new_lines . NEWLINE  (7)
	stmt : in_built_call_stmt new_lines .  (29)

	NEWLINE  shift 10
	RETURN  reduce 29
	IMG  reduce 29
	GRAY_IMG  reduce 29
	VID  reduce 29
	GRAY_VID  reduce 29
	NUM  reduce 29
	REAL  reduce 29
	ID  reduce 29
	'{'  reduce 29
	'}'  reduce 29


state 94
	function : INK ID '(' par_list ')' ARROW RET_TYPE new_lines func_body .  (11)

	.  reduce 11


state 95
	expr_pred : expr_pred . REL_OP expr_pred  (85)
	expr_pred : expr_pred . LOG_OP expr_pred  (86)
	expr_pred : NEG_OP expr_pred .  (88)
	expr_pred : expr_pred . BINARY_OP expr_pred  (92)
	expr_pred : expr_pred . UNARY_OP  (93)

	LOG_OP  shift 100
	REL_OP  shift 101
	BINARY_OP  shift 102
	NEWLINE  reduce 88
	UNARY_OP  reduce 88
	')'  reduce 88
	','  reduce 88
	']'  reduce 88


state 96
	new_lines : new_lines . NEWLINE  (7)
	return_stmt : RETURN VOID new_lines .  (35)

	NEWLINE  shift 10
	RETURN  reduce 35
	IMG  reduce 35
	GRAY_IMG  reduce 35
	VID  reduce 35
	GRAY_VID  reduce 35
	NUM  reduce 35
	REAL  reduce 35
	ID  reduce 35
	'{'  reduce 35
	'}'  reduce 35


state 97
	expr_pred : ID array_element .  (91)

	.  reduce 91


state 98
	expr_pred : expr_pred . REL_OP expr_pred  (85)
	expr_pred : expr_pred . LOG_OP expr_pred  (86)
	expr_pred : expr_pred . BINARY_OP expr_pred  (92)
	expr_pred : expr_pred . UNARY_OP  (93)
	expr_pred : INV_OP expr_pred .  (94)

	LOG_OP  shift 100
	REL_OP  shift 101
	BINARY_OP  shift 102
	NEWLINE  reduce 94
	UNARY_OP  reduce 94
	')'  reduce 94
	','  reduce 94
	']'  reduce 94


state 99
	expr_pred : expr_pred . REL_OP expr_pred  (85)
	expr_pred : expr_pred . LOG_OP expr_pred  (86)
	expr_pred : '(' expr_pred . ')'  (87)
	expr_pred : expr_pred . BINARY_OP expr_pred  (92)
	expr_pred : expr_pred . UNARY_OP  (93)

	LOG_OP  shift 100
	REL_OP  shift 101
	BINARY_OP  shift 102
	UNARY_OP  shift 103
	')'  shift 127
	.  error


state 100
	expr_pred : expr_pred LOG_OP . expr_pred  (86)

	NEG_OP  shift 63
	BOOL_LIT  shift 65
	ID  shift 66
	NUM_LIT  shift 67
	REAL_LIT  shift 68
	INV_OP  shift 69
	'('  shift 70
	.  error

	call_stmt  goto 71
	in_built_call_stmt  goto 72
	expr_pred  goto 128


state 101
	expr_pred : expr_pred REL_OP . expr_pred  (85)

	NEG_OP  shift 63
	BOOL_LIT  shift 65
	ID  shift 66
	NUM_LIT  shift 67
	REAL_LIT  shift 68
	INV_OP  shift 69
	'('  shift 70
	.  error

	call_stmt  goto 71
	in_built_call_stmt  goto 72
	expr_pred  goto 129


state 102
	expr_pred : expr_pred BINARY_OP . expr_pred  (92)

	NEG_OP  shift 63
	BOOL_LIT  shift 65
	ID  shift 66
	NUM_LIT  shift 67
	REAL_LIT  shift 68
	INV_OP  shift 69
	'('  shift 70
	.  error

	call_stmt  goto 71
	in_built_call_stmt  goto 72
	expr_pred  goto 130


state 103
	expr_pred : expr_pred UNARY_OP .  (93)

	.  reduce 93


state 104
	new_lines : new_lines . NEWLINE  (7)
	return_stmt : RETURN expr_pred new_lines .  (34)

	NEWLINE  shift 10
	RETURN  reduce 34
	IMG  reduce 34
	GRAY_IMG  reduce 34
	VID  reduce 34
	GRAY_VID  reduce 34
	NUM  reduce 34
	REAL  reduce 34
	ID  reduce 34
	'{'  reduce 34
	'}'  reduce 34


state 105
	img_decl : IMG ID '<' . NUM_LIT ',' NUM_LIT '>' new_lines  (44)
	img_decl : IMG ID '<' . NUM_LIT ',' NUM_LIT ',' NUM_LIT '>' new_lines  (45)
	img_decl : IMG ID '<' . PATH '>' new_lines  (46)

	NUM_LIT  shift 131
	PATH  shift 132
	.  error


state 106
	img_decl : IMG ID '=' . expr_pred new_lines  (47)

	NEG_OP  shift 63
	BOOL_LIT  shift 65
	ID  shift 66
	NUM_LIT  shift 67
	REAL_LIT  shift 68
	INV_OP  shift 69
	'('  shift 70
	.  error

	call_stmt  goto 71
	in_built_call_stmt  goto 72
	expr_pred  goto 133


state 107
	gray_img_decl : GRAY_IMG ID '<' . NUM_LIT ',' NUM_LIT '>' new_lines  (48)
	gray_img_decl : GRAY_IMG ID '<' . NUM_LIT ',' NUM_LIT ',' NUM_LIT '>' new_lines  (49)
	gray_img_decl : GRAY_IMG ID '<' . PATH '>' new_lines  (50)

	NUM_LIT  shift 134
	PATH  shift 135
	.  error


state 108
	gray_img_decl : GRAY_IMG ID '=' . expr_pred new_lines  (51)

	NEG_OP  shift 63
	BOOL_LIT  shift 65
	ID  shift 66
	NUM_LIT  shift 67
	REAL_LIT  shift 68
	INV_OP  shift 69
	'('  shift 70
	.  error

	call_stmt  goto 71
	in_built_call_stmt  goto 72
	expr_pred  goto 136


state 109
	vid_decl : VID ID '<' . NUM_LIT ',' NUM_LIT '>' new_lines  (52)
	vid_decl : VID ID '<' . NUM_LIT ',' NUM_LIT ',' NUM_LIT '>' new_lines  (53)

	NUM_LIT  shift 137
	.  error


state 110
	gray_vid_decl : GRAY_VID ID '<' . NUM_LIT ',' NUM_LIT '>' new_lines  (54)
	gray_vid_decl : GRAY_VID ID '<' . NUM_LIT ',' NUM_LIT ',' NUM_LIT '>' new_lines  (55)

	NUM_LIT  shift 138
	.  error


state 111
	num_decl : NUM ID '=' . expr_pred new_lines  (57)

	NEG_OP  shift 63
	BOOL_LIT  shift 65
	ID  shift 66
	NUM_LIT  shift 67
	REAL_LIT  shift 68
	INV_OP  shift 69
	'('  shift 70
	.  error

	call_stmt  goto 71
	in_built_call_stmt  goto 72
	expr_pred  goto 139


state 112
	new_lines : new_lines . NEWLINE  (7)
	num_decl : NUM ID new_lines .  (56)

	NEWLINE  shift 10
	RETURN  reduce 56
	IMG  reduce 56
	GRAY_IMG  reduce 56
	VID  reduce 56
	GRAY_VID  reduce 56
	NUM  reduce 56
	REAL  reduce 56
	ID  reduce 56
	'{'  reduce 56
	'}'  reduce 56


state 113
	expr_pred : expr_pred . REL_OP expr_pred  (85)
	expr_pred : expr_pred . LOG_OP expr_pred  (86)
	expr_pred : expr_pred . BINARY_OP expr_pred  (92)
	expr_pred : expr_pred . UNARY_OP  (93)
	array_element : '[' expr_pred . ']'  (97)
	array_element : '[' expr_pred . ',' expr_pred ']'  (98)
	array_element : '[' expr_pred . ',' expr_pred ',' expr_pred ']'  (99)

	LOG_OP  shift 100
	REL_OP  shift 101
	BINARY_OP  shift 102
	UNARY_OP  shift 103
	','  shift 140
	']'  shift 141
	.  error


state 114
	num_array_decl : NUM array_element ID . new_lines  (60)
	num_array_decl : NUM array_element ID . '=' ID new_lines  (61)
	num_array_decl : NUM array_element ID . '=' brak_pred new_lines  (62)

	NEWLINE  shift 6
	'='  shift 142
	.  error

	new_lines  goto 143


state 115
	real_decl : REAL ID '=' . expr_pred new_lines  (59)

	NEG_OP  shift 63
	BOOL_LIT  shift 65
	ID  shift 66
	NUM_LIT  shift 67
	REAL_LIT  shift 68
	INV_OP  shift 69
	'('  shift 70
	.  error

	call_stmt  goto 71
	in_built_call_stmt  goto 72
	expr_pred  goto 144


state 116
	new_lines : new_lines . NEWLINE  (7)
	real_decl : REAL ID new_lines .  (58)

	NEWLINE  shift 10
	RETURN  reduce 58
	IMG  reduce 58
	GRAY_IMG  reduce 58
	VID  reduce 58
	GRAY_VID  reduce 58
	NUM  reduce 58
	REAL  reduce 58
	ID  reduce 58
	'{'  reduce 58
	'}'  reduce 58


state 117
	real_array_decl : REAL array_element ID . new_lines  (63)
	real_array_decl : REAL array_element ID . '=' ID new_lines  (64)
	real_array_decl : REAL array_element ID . '=' brak_pred new_lines  (65)

	NEWLINE  shift 6
	'='  shift 145
	.  error

	new_lines  goto 146


state 118
	in_built_call_stmt : ID DOT_OP ID . '(' arg_list ')'  (79)
	in_built_call_stmt : ID DOT_OP ID . '(' ')'  (80)

	'('  shift 147
	.  error


state 119
	call_stmt : ID '(' ')' .  (76)

	.  reduce 76


state 120
	arg_list : expr_pred .  (78)
	expr_pred : expr_pred . REL_OP expr_pred  (85)
	expr_pred : expr_pred . LOG_OP expr_pred  (86)
	expr_pred : expr_pred . BINARY_OP expr_pred  (92)
	expr_pred : expr_pred . UNARY_OP  (93)

	LOG_OP  shift 100
	REL_OP  shift 101
	BINARY_OP  shift 102
	UNARY_OP  shift 103
	')'  reduce 78
	','  reduce 78


state 121
	call_stmt : ID '(' arg_list . ')'  (75)
	arg_list : arg_list . ',' expr_pred  (77)

	')'  shift 148
	','  shift 149
	.  error


state 122
	expr_pred : expr_pred . REL_OP expr_pred  (85)
	expr_pred : expr_pred . LOG_OP expr_pred  (86)
	expr_pred : expr_pred . BINARY_OP expr_pred  (92)
	expr_pred : expr_pred . UNARY_OP  (93)
	expr_stmt : ID '=' expr_pred . new_lines  (95)

	LOG_OP  shift 100
	REL_OP  shift 101
	NEWLINE  shift 6
	BINARY_OP  shift 102
	UNARY_OP  shift 103
	.  error

	new_lines  goto 150


state 123
	expr_stmt : ID array_element '=' . expr_pred new_lines  (96)

	NEG_OP  shift 63
	BOOL_LIT  shift 65
	ID  shift 66
	NUM_LIT  shift 67
	REAL_LIT  shift 68
	INV_OP  shift 69
	'('  shift 70
	.  error

	call_stmt  goto 71
	in_built_call_stmt  goto 72
	expr_pred  goto 151


state 124
	stmt_list : stmt_list . stmt  (26)
	stmt : '{' new_lines stmt_list . '}'  (32)

	RETURN  shift 35
	IMG  shift 36
	GRAY_IMG  shift 37
	VID  shift 38
	GRAY_VID  shift 39
	NUM  shift 40
	REAL  shift 41
	ID  shift 42
	'{'  shift 43
	'}'  shift 152
	.  error

	stmt  goto 91
	decl_stmt  goto 47
	call_stmt  goto 48
	in_built_call_stmt  goto 49
	expr_stmt  goto 50
	return_stmt  goto 51
	img_decl  goto 52
	gray_img_decl  goto 53
	vid_decl  goto 54
	gray_vid_decl  goto 55
	num_decl  goto 56
	real_decl  goto 57
	num_array_decl  goto 58
	real_array_decl  goto 59


state 125
	stmt : '{' stmt_list '}' .  (33)

	.  reduce 33


state 126
	func_body : '{' new_lines stmt_list '}' .  (6)

	.  reduce 6


state 127
	expr_pred : '(' expr_pred ')' .  (87)

	.  reduce 87


state 128
	expr_pred : expr_pred . REL_OP expr_pred  (85)
	expr_pred : expr_pred . LOG_OP expr_pred  (86)
	expr_pred : expr_pred LOG_OP expr_pred .  (86)
	expr_pred : expr_pred . BINARY_OP expr_pred  (92)
	expr_pred : expr_pred . UNARY_OP  (93)

	REL_OP  shift 101
	LOG_OP  reduce 86
	NEWLINE  reduce 86
	BINARY_OP  reduce 86
	UNARY_OP  reduce 86
	')'  reduce 86
	','  reduce 86
	']'  reduce 86


state 129
	expr_pred : expr_pred . REL_OP expr_pred  (85)
	expr_pred : expr_pred REL_OP expr_pred .  (85)
	expr_pred : expr_pred . LOG_OP expr_pred  (86)
	expr_pred : expr_pred . BINARY_OP expr_pred  (92)
	expr_pred : expr_pred . UNARY_OP  (93)

	.  reduce 85


state 130
	expr_pred : expr_pred . REL_OP expr_pred  (85)
	expr_pred : expr_pred . LOG_OP expr_pred  (86)
	expr_pred : expr_pred . BINARY_OP expr_pred  (92)
	expr_pred : expr_pred BINARY_OP expr_pred .  (92)
	expr_pred : expr_pred . UNARY_OP  (93)

	LOG_OP  shift 100
	REL_OP  shift 101
	NEWLINE  reduce 92
	BINARY_OP  reduce 92
	UNARY_OP  reduce 92
	')'  reduce 92
	','  reduce 92
	']'  reduce 92


state 131
	img_decl : IMG ID '<' NUM_LIT . ',' NUM_LIT '>' new_lines  (44)
	img_decl : IMG ID '<' NUM_LIT . ',' NUM_LIT ',' NUM_LIT '>' new_lines  (45)

	','  shift 153
	.  error


state 132
	img_decl : IMG ID '<' PATH . '>' new_lines  (46)

	'>'  shift 154
	.  error


state 133
	img_decl : IMG ID '=' expr_pred . new_lines  (47)
	expr_pred : expr_pred . REL_OP expr_pred  (85)
	expr_pred : expr_pred . LOG_OP expr_pred  (86)
	expr_pred : expr_pred . BINARY_OP expr_pred  (92)
	expr_pred : expr_pred . UNARY_OP  (93)

	LOG_OP  shift 100
	REL_OP  shift 101
	NEWLINE  shift 6
	BINARY_OP  shift 102
	UNARY_OP  shift 103
	.  error

	new_lines  goto 155


state 134
	gray_img_decl : GRAY_IMG ID '<' NUM_LIT . ',' NUM_LIT '>' new_lines  (48)
	gray_img_decl : GRAY_IMG ID '<' NUM_LIT . ',' NUM_LIT ',' NUM_LIT '>' new_lines  (49)

	','  shift 156
	.  error


state 135
	gray_img_decl : GRAY_IMG ID '<' PATH . '>' new_lines  (50)

	'>'  shift 157
	.  error


state 136
	gray_img_decl : GRAY_IMG ID '=' expr_pred . new_lines  (51)
	expr_pred : expr_pred . REL_OP expr_pred  (85)
	expr_pred : expr_pred . LOG_OP expr_pred  (86)
	expr_pred : expr_pred . BINARY_OP expr_pred  (92)
	expr_pred : expr_pred . UNARY_OP  (93)

	LOG_OP  shift 100
	REL_OP  shift 101
	NEWLINE  shift 6
	BINARY_OP  shift 102
	UNARY_OP  shift 103
	.  error

	new_lines  goto 158


state 137
	vid_decl : VID ID '<' NUM_LIT . ',' NUM_LIT '>' new_lines  (52)
	vid_decl : VID ID '<' NUM_LIT . ',' NUM_LIT ',' NUM_LIT '>' new_lines  (53)

	','  shift 159
	.  error


state 138
	gray_vid_decl : GRAY_VID ID '<' NUM_LIT . ',' NUM_LIT '>' new_lines  (54)
	gray_vid_decl : GRAY_VID ID '<' NUM_LIT . ',' NUM_LIT ',' NUM_LIT '>' new_lines  (55)

	','  shift 160
	.  error


state 139
	num_decl : NUM ID '=' expr_pred . new_lines  (57)
	expr_pred : expr_pred . REL_OP expr_pred  (85)
	expr_pred : expr_pred . LOG_OP expr_pred  (86)
	expr_pred : expr_pred . BINARY_OP expr_pred  (92)
	expr_pred : expr_pred . UNARY_OP  (93)

	LOG_OP  shift 100
	REL_OP  shift 101
	NEWLINE  shift 6
	BINARY_OP  shift 102
	UNARY_OP  shift 103
	.  error

	new_lines  goto 161


state 140
	array_element : '[' expr_pred ',' . expr_pred ']'  (98)
	array_element : '[' expr_pred ',' . expr_pred ',' expr_pred ']'  (99)

	NEG_OP  shift 63
	BOOL_LIT  shift 65
	ID  shift 66
	NUM_LIT  shift 67
	REAL_LIT  shift 68
	INV_OP  shift 69
	'('  shift 70
	.  error

	call_stmt  goto 71
	in_built_call_stmt  goto 72
	expr_pred  goto 162


state 141
	array_element : '[' expr_pred ']' .  (97)

	.  reduce 97


state 142
	num_array_decl : NUM array_element ID '=' . ID new_lines  (61)
	num_array_decl : NUM array_element ID '=' . brak_pred new_lines  (62)

	ID  shift 163
	'{'  shift 164
	.  error

	brak_pred  goto 165


state 143
	new_lines : new_lines . NEWLINE  (7)
	num_array_decl : NUM array_element ID new_lines .  (60)

	NEWLINE  shift 10
	RETURN  reduce 60
	IMG  reduce 60
	GRAY_IMG  reduce 60
	VID  reduce 60
	GRAY_VID  reduce 60
	NUM  reduce 60
	REAL  reduce 60
	ID  reduce 60
	'{'  reduce 60
	'}'  reduce 60


state 144
	real_decl : REAL ID '=' expr_pred . new_lines  (59)
	expr_pred : expr_pred . REL_OP expr_pred  (85)
	expr_pred : expr_pred . LOG_OP expr_pred  (86)
	expr_pred : expr_pred . BINARY_OP expr_pred  (92)
	expr_pred : expr_pred . UNARY_OP  (93)

	LOG_OP  shift 100
	REL_OP  shift 101
	NEWLINE  shift 6
	BINARY_OP  shift 102
	UNARY_OP  shift 103
	.  error

	new_lines  goto 166


state 145
	real_array_decl : REAL array_element ID '=' . ID new_lines  (64)
	real_array_decl : REAL array_element ID '=' . brak_pred new_lines  (65)

	ID  shift 167
	'{'  shift 164
	.  error

	brak_pred  goto 168


state 146
	new_lines : new_lines . NEWLINE  (7)
	real_array_decl : REAL array_element ID new_lines .  (63)

	NEWLINE  shift 10
	RETURN  reduce 63
	IMG  reduce 63
	GRAY_IMG  reduce 63
	VID  reduce 63
	GRAY_VID  reduce 63
	NUM  reduce 63
	REAL  reduce 63
	ID  reduce 63
	'{'  reduce 63
	'}'  reduce 63


state 147
	in_built_call_stmt : ID DOT_OP ID '(' . arg_list ')'  (79)
	in_built_call_stmt : ID DOT_OP ID '(' . ')'  (80)

	NEG_OP  shift 63
	BOOL_LIT  shift 65
	ID  shift 66
	NUM_LIT  shift 67
	REAL_LIT  shift 68
	INV_OP  shift 69
	'('  shift 70
	')'  shift 169
	.  error

	call_stmt  goto 71
	in_built_call_stmt  goto 72
	expr_pred  goto 120
	arg_list  goto 170


state 148
	call_stmt : ID '(' arg_list ')' .  (75)

	.  reduce 75


state 149
	arg_list : arg_list ',' . expr_pred  (77)

	NEG_OP  shift 63
	BOOL_LIT  shift 65
	ID  shift 66
	NUM_LIT  shift 67
	REAL_LIT  shift 68
	INV_OP  shift 69
	'('  shift 70
	.  error

	call_stmt  goto 71
	in_built_call_stmt  goto 72
	expr_pred  goto 171


state 150
	new_lines : new_lines . NEWLINE  (7)
	expr_stmt : ID '=' expr_pred new_lines .  (95)

	NEWLINE  shift 10
	RETURN  reduce 95
	IMG  reduce 95
	GRAY_IMG  reduce 95
	VID  reduce 95
	GRAY_VID  reduce 95
	NUM  reduce 95
	REAL  reduce 95
	ID  reduce 95
	'{'  reduce 95
	'}'  reduce 95


state 151
	expr_pred : expr_pred . REL_OP expr_pred  (85)
	expr_pred : expr_pred . LOG_OP expr_pred  (86)
	expr_pred : expr_pred . BINARY_OP expr_pred  (92)
	expr_pred : expr_pred . UNARY_OP  (93)
	expr_stmt : ID array_element '=' expr_pred . new_lines  (96)

	LOG_OP  shift 100
	REL_OP  shift 101
	NEWLINE  shift 6
	BINARY_OP  shift 102
	UNARY_OP  shift 103
	.  error

	new_lines  goto 172


state 152
	stmt : '{' new_lines stmt_list '}' .  (32)

	.  reduce 32


state 153
	img_decl : IMG ID '<' NUM_LIT ',' . NUM_LIT '>' new_lines  (44)
	img_decl : IMG ID '<' NUM_LIT ',' . NUM_LIT ',' NUM_LIT '>' new_lines  (45)

	NUM_LIT  shift 173
	.  error


state 154
	img_decl : IMG ID '<' PATH '>' . new_lines  (46)

	NEWLINE  shift 6
	.  error

	new_lines  goto 174


state 155
	new_lines : new_lines . NEWLINE  (7)
	img_decl : IMG ID '=' expr_pred new_lines .  (47)

	NEWLINE  shift 10
	RETURN  reduce 47
	IMG  reduce 47
	GRAY_IMG  reduce 47
	VID  reduce 47
	GRAY_VID  reduce 47
	NUM  reduce 47
	REAL  reduce 47
	ID  reduce 47
	'{'  reduce 47
	'}'  reduce 47


state 156
	gray_img_decl : GRAY_IMG ID '<' NUM_LIT ',' . NUM_LIT '>' new_lines  (48)
	gray_img_decl : GRAY_IMG ID '<' NUM_LIT ',' . NUM_LIT ',' NUM_LIT '>' new_lines  (49)

	NUM_LIT  shift 175
	.  error


state 157
	gray_img_decl : GRAY_IMG ID '<' PATH '>' . new_lines  (50)

	NEWLINE  shift 6
	.  error

	new_lines  goto 176


state 158
	new_lines : new_lines . NEWLINE  (7)
	gray_img_decl : GRAY_IMG ID '=' expr_pred new_lines .  (51)

	NEWLINE  shift 10
	RETURN  reduce 51
	IMG  reduce 51
	GRAY_IMG  reduce 51
	VID  reduce 51
	GRAY_VID  reduce 51
	NUM  reduce 51
	REAL  reduce 51
	ID  reduce 51
	'{'  reduce 51
	'}'  reduce 51


state 159
	vid_decl : VID ID '<' NUM_LIT ',' . NUM_LIT '>' new_lines  (52)
	vid_decl : VID ID '<' NUM_LIT ',' . NUM_LIT ',' NUM_LIT '>' new_lines  (53)

	NUM_LIT  shift 177
	.  error


state 160
	gray_vid_decl : GRAY_VID ID '<' NUM_LIT ',' . NUM_LIT '>' new_lines  (54)
	gray_vid_decl : GRAY_VID ID '<' NUM_LIT ',' . NUM_LIT ',' NUM_LIT '>' new_lines  (55)

	NUM_LIT  shift 178
	.  error


state 161
	new_lines : new_lines . NEWLINE  (7)
	num_decl : NUM ID '=' expr_pred new_lines .  (57)

	NEWLINE  shift 10
	RETURN  reduce 57
	IMG  reduce 57
	GRAY_IMG  reduce 57
	VID  reduce 57
	GRAY_VID  reduce 57
	NUM  reduce 57
	REAL  reduce 57
	ID  reduce 57
	'{'  reduce 57
	'}'  reduce 57


state 162
	expr_pred : expr_pred . REL_OP expr_pred  (85)
	expr_pred : expr_pred . LOG_OP expr_pred  (86)
	expr_pred : expr_pred . BINARY_OP expr_pred  (92)
	expr_pred : expr_pred . UNARY_OP  (93)
	array_element : '[' expr_pred ',' expr_pred . ']'  (98)
	array_element : '[' expr_pred ',' expr_pred . ',' expr_pred ']'  (99)

	LOG_OP  shift 100
	REL_OP  shift 101
	BINARY_OP  shift 102
	UNARY_OP  shift 103
	','  shift 179
	']'  shift 180
	.  error


state 163
	num_array_decl : NUM array_element ID '=' ID . new_lines  (61)

	NEWLINE  shift 6
	.  error

	new_lines  goto 181


state 164
	brak_pred : '{' . brak_pred_list '}'  (66)
	brak_pred : '{' . lit_list '}'  (67)

	BOOL_LIT  shift 182
	NUM_LIT  shift 183
	REAL_LIT  shift 184
	'{'  shift 164
	.  error

	brak_pred  goto 185
	brak_pred_list  goto 186
	lit_list  goto 187
	lit  goto 188


state 165
	num_array_decl : NUM array_element ID '=' brak_pred . new_lines  (62)

	NEWLINE  shift 6
	.  error

	new_lines  goto 189


state 166
	new_lines : new_lines . NEWLINE  (7)
	real_decl : REAL ID '=' expr_pred new_lines .  (59)

	NEWLINE  shift 10
	RETURN  reduce 59
	IMG  reduce 59
	GRAY_IMG  reduce 59
	VID  reduce 59
	GRAY_VID  reduce 59
	NUM  reduce 59
	REAL  reduce 59
	ID  reduce 59
	'{'  reduce 59
	'}'  reduce 59


state 167
	real_array_decl : REAL array_element ID '=' ID . new_lines  (64)

	NEWLINE  shift 6
	.  error

	new_lines  goto 190


state 168
	real_array_decl : REAL array_element ID '=' brak_pred . new_lines  (65)

	NEWLINE  shift 6
	.  error

	new_lines  goto 191


state 169
	in_built_call_stmt : ID DOT_OP ID '(' ')' .  (80)

	.  reduce 80


state 170
	arg_list : arg_list . ',' expr_pred  (77)
	in_built_call_stmt : ID DOT_OP ID '(' arg_list . ')'  (79)

	')'  shift 192
	','  shift 149
	.  error


state 171
	arg_list : arg_list ',' expr_pred .  (77)
	expr_pred : expr_pred . REL_OP expr_pred  (85)
	expr_pred : expr_pred . LOG_OP expr_pred  (86)
	expr_pred : expr_pred . BINARY_OP expr_pred  (92)
	expr_pred : expr_pred . UNARY_OP  (93)

	LOG_OP  shift 100
	REL_OP  shift 101
	BINARY_OP  shift 102
	UNARY_OP  shift 103
	')'  reduce 77
	','  reduce 77


state 172
	new_lines : new_lines . NEWLINE  (7)
	expr_stmt : ID array_element '=' expr_pred new_lines .  (96)

	NEWLINE  shift 10
	RETURN  reduce 96
	IMG  reduce 96
	GRAY_IMG  reduce 96
	VID  reduce 96
	GRAY_VID  reduce 96
	NUM  reduce 96
	REAL  reduce 96
	ID  reduce 96
	'{'  reduce 96
	'}'  reduce 96


state 173
	img_decl : IMG ID '<' NUM_LIT ',' NUM_LIT . '>' new_lines  (44)
	img_decl : IMG ID '<' NUM_LIT ',' NUM_LIT . ',' NUM_LIT '>' new_lines  (45)

	','  shift 193
	'>'  shift 194
	.  error


state 174
	new_lines : new_lines . NEWLINE  (7)
	img_decl : IMG ID '<' PATH '>' new_lines .  (46)

	NEWLINE  shift 10
	RETURN  reduce 46
	IMG  reduce 46
	GRAY_IMG  reduce 46
	VID  reduce 46
	GRAY_VID  reduce 46
	NUM  reduce 46
	REAL  reduce 46
	ID  reduce 46
	'{'  reduce 46
	'}'  reduce 46


state 175
	gray_img_decl : GRAY_IMG ID '<' NUM_LIT ',' NUM_LIT . '>' new_lines  (48)
	gray_img_decl : GRAY_IMG ID '<' NUM_LIT ',' NUM_LIT . ',' NUM_LIT '>' new_lines  (49)

	','  shift 195
	'>'  shift 196
	.  error


state 176
	new_lines : new_lines . NEWLINE  (7)
	gray_img_decl : GRAY_IMG ID '<' PATH '>' new_lines .  (50)

	NEWLINE  shift 10
	RETURN  reduce 50
	IMG  reduce 50
	GRAY_IMG  reduce 50
	VID  reduce 50
	GRAY_VID  reduce 50
	NUM  reduce 50
	REAL  reduce 50
	ID  reduce 50
	'{'  reduce 50
	'}'  reduce 50


state 177
	vid_decl : VID ID '<' NUM_LIT ',' NUM_LIT . '>' new_lines  (52)
	vid_decl : VID ID '<' NUM_LIT ',' NUM_LIT . ',' NUM_LIT '>' new_lines  (53)

	','  shift 197
	'>'  shift 198
	.  error


state 178
	gray_vid_decl : GRAY_VID ID '<' NUM_LIT ',' NUM_LIT . '>' new_lines  (54)
	gray_vid_decl : GRAY_VID ID '<' NUM_LIT ',' NUM_LIT . ',' NUM_LIT '>' new_lines  (55)

	','  shift 199
	'>'  shift 200
	.  error


state 179
	array_element : '[' expr_pred ',' expr_pred ',' . expr_pred ']'  (99)

	NEG_OP  shift 63
	BOOL_LIT  shift 65
	ID  shift 66
	NUM_LIT  shift 67
	REAL_LIT  shift 68
	INV_OP  shift 69
	'('  shift 70
	.  error

	call_stmt  goto 71
	in_built_call_stmt  goto 72
	expr_pred  goto 201


state 180
	array_element : '[' expr_pred ',' expr_pred ']' .  (98)

	.  reduce 98


state 181
	new_lines : new_lines . NEWLINE  (7)
	num_array_decl : NUM array_element ID '=' ID new_lines .  (61)

	NEWLINE  shift 10
	RETURN  reduce 61
	IMG  reduce 61
	GRAY_IMG  reduce 61
	VID  reduce 61
	GRAY_VID  reduce 61
	NUM  reduce 61
	REAL  reduce 61
	ID  reduce 61
	'{'  reduce 61
	'}'  reduce 61


state 182
	lit : BOOL_LIT .  (74)

	.  reduce 74


state 183
	lit : NUM_LIT .  (72)

	.  reduce 72


state 184
	lit : REAL_LIT .  (73)

	.  reduce 73


state 185
	brak_pred_list : brak_pred .  (69)

	.  reduce 69


state 186
	brak_pred : '{' brak_pred_list . '}'  (66)
	brak_pred_list : brak_pred_list . ',' brak_pred  (68)

	'}'  shift 202
	','  shift 203
	.  error


state 187
	brak_pred : '{' lit_list . '}'  (67)
	lit_list : lit_list . ',' lit  (70)

	'}'  shift 204
	','  shift 205
	.  error


state 188
	lit_list : lit .  (71)

	.  reduce 71


state 189
	new_lines : new_lines . NEWLINE  (7)
	num_array_decl : NUM array_element ID '=' brak_pred new_lines .  (62)

	NEWLINE  shift 10
	RETURN  reduce 62
	IMG  reduce 62
	GRAY_IMG  reduce 62
	VID  reduce 62
	GRAY_VID  reduce 62
	NUM  reduce 62
	REAL  reduce 62
	ID  reduce 62
	'{'  reduce 62
	'}'  reduce 62


state 190
	new_lines : new_lines . NEWLINE  (7)
	real_array_decl : REAL array_element ID '=' ID new_lines .  (64)

	NEWLINE  shift 10
	RETURN  reduce 64
	IMG  reduce 64
	GRAY_IMG  reduce 64
	VID  reduce 64
	GRAY_VID  reduce 64
	NUM  reduce 64
	REAL  reduce 64
	ID  reduce 64
	'{'  reduce 64
	'}'  reduce 64


state 191
	new_lines : new_lines . NEWLINE  (7)
	real_array_decl : REAL array_element ID '=' brak_pred new_lines .  (65)

	NEWLINE  shift 10
	RETURN  reduce 65
	IMG  reduce 65
	GRAY_IMG  reduce 65
	VID  reduce 65
	GRAY_VID  reduce 65
	NUM  reduce 65
	REAL  reduce 65
	ID  reduce 65
	'{'  reduce 65
	'}'  reduce 65


state 192
	in_built_call_stmt : ID DOT_OP ID '(' arg_list ')' .  (79)

	.  reduce 79


state 193
	img_decl : IMG ID '<' NUM_LIT ',' NUM_LIT ',' . NUM_LIT '>' new_lines  (45)

	NUM_LIT  shift 206
	.  error


state 194
	img_decl : IMG ID '<' NUM_LIT ',' NUM_LIT '>' . new_lines  (44)

	NEWLINE  shift 6
	.  error

	new_lines  goto 207


state 195
	gray_img_decl : GRAY_IMG ID '<' NUM_LIT ',' NUM_LIT ',' . NUM_LIT '>' new_lines  (49)

	NUM_LIT  shift 208
	.  error


state 196
	gray_img_decl : GRAY_IMG ID '<' NUM_LIT ',' NUM_LIT '>' . new_lines  (48)

	NEWLINE  shift 6
	.  error

	new_lines  goto 209


state 197
	vid_decl : VID ID '<' NUM_LIT ',' NUM_LIT ',' . NUM_LIT '>' new_lines  (53)

	NUM_LIT  shift 210
	.  error


state 198
	vid_decl : VID ID '<' NUM_LIT ',' NUM_LIT '>' . new_lines  (52)

	NEWLINE  shift 6
	.  error

	new_lines  goto 211


state 199
	gray_vid_decl : GRAY_VID ID '<' NUM_LIT ',' NUM_LIT ',' . NUM_LIT '>' new_lines  (55)

	NUM_LIT  shift 212
	.  error


state 200
	gray_vid_decl : GRAY_VID ID '<' NUM_LIT ',' NUM_LIT '>' . new_lines  (54)

	NEWLINE  shift 6
	.  error

	new_lines  goto 213


state 201
	expr_pred : expr_pred . REL_OP expr_pred  (85)
	expr_pred : expr_pred . LOG_OP expr_pred  (86)
	expr_pred : expr_pred . BINARY_OP expr_pred  (92)
	expr_pred : expr_pred . UNARY_OP  (93)
	array_element : '[' expr_pred ',' expr_pred ',' expr_pred . ']'  (99)

	LOG_OP  shift 100
	REL_OP  shift 101
	BINARY_OP  shift 102
	UNARY_OP  shift 103
	']'  shift 214
	.  error


state 202
	brak_pred : '{' brak_pred_list '}' .  (66)

	.  reduce 66


state 203
	brak_pred_list : brak_pred_list ',' . brak_pred  (68)

	'{'  shift 164
	.  error

	brak_pred  goto 215


state 204
	brak_pred : '{' lit_list '}' .  (67)

	.  reduce 67


state 205
	lit_list : lit_list ',' . lit  (70)

	BOOL_LIT  shift 182
	NUM_LIT  shift 183
	REAL_LIT  shift 184
	.  error

	lit  goto 216


state 206
	img_decl : IMG ID '<' NUM_LIT ',' NUM_LIT ',' NUM_LIT . '>' new_lines  (45)

	'>'  shift 217
	.  error


state 207
	new_lines : new_lines . NEWLINE  (7)
	img_decl : IMG ID '<' NUM_LIT ',' NUM_LIT '>' new_lines .  (44)

	NEWLINE  shift 10
	RETURN  reduce 44
	IMG  reduce 44
	GRAY_IMG  reduce 44
	VID  reduce 44
	GRAY_VID  reduce 44
	NUM  reduce 44
	REAL  reduce 44
	ID  reduce 44
	'{'  reduce 44
	'}'  reduce 44


state 208
	gray_img_decl : GRAY_IMG ID '<' NUM_LIT ',' NUM_LIT ',' NUM_LIT . '>' new_lines  (49)

	'>'  shift 218
	.  error


state 209
	new_lines : new_lines . NEWLINE  (7)
	gray_img_decl : GRAY_IMG ID '<' NUM_LIT ',' NUM_LIT '>' new_lines .  (48)

	NEWLINE  shift 10
	RETURN  reduce 48
	IMG  reduce 48
	GRAY_IMG  reduce 48
	VID  reduce 48
	GRAY_VID  reduce 48
	NUM  reduce 48
	REAL  reduce 48
	ID  reduce 48
	'{'  reduce 48
	'}'  reduce 48


state 210
	vid_decl : VID ID '<' NUM_LIT ',' NUM_LIT ',' NUM_LIT . '>' new_lines  (53)

	'>'  shift 219
	.  error


state 211
	new_lines : new_lines . NEWLINE  (7)
	vid_decl : VID ID '<' NUM_LIT ',' NUM_LIT '>' new_lines .  (52)

	NEWLINE  shift 10
	RETURN  reduce 52
	IMG  reduce 52
	GRAY_IMG  reduce 52
	VID  reduce 52
	GRAY_VID  reduce 52
	NUM  reduce 52
	REAL  reduce 52
	ID  reduce 52
	'{'  reduce 52
	'}'  reduce 52


state 212
	gray_vid_decl : GRAY_VID ID '<' NUM_LIT ',' NUM_LIT ',' NUM_LIT . '>' new_lines  (55)

	'>'  shift 220
	.  error


state 213
	new_lines : new_lines . NEWLINE  (7)
	gray_vid_decl : GRAY_VID ID '<' NUM_LIT ',' NUM_LIT '>' new_lines .  (54)

	NEWLINE  shift 10
	RETURN  reduce 54
	IMG  reduce 54
	GRAY_IMG  reduce 54
	VID  reduce 54
	GRAY_VID  reduce 54
	NUM  reduce 54
	REAL  reduce 54
	ID  reduce 54
	'{'  reduce 54
	'}'  reduce 54


state 214
	array_element : '[' expr_pred ',' expr_pred ',' expr_pred ']' .  (99)

	.  reduce 99


state 215
	brak_pred_list : brak_pred_list ',' brak_pred .  (68)

	.  reduce 68


state 216
	lit_list : lit_list ',' lit .  (70)

	.  reduce 70


state 217
	img_decl : IMG ID '<' NUM_LIT ',' NUM_LIT ',' NUM_LIT '>' . new_lines  (45)

	NEWLINE  shift 6
	.  error

	new_lines  goto 221


state 218
	gray_img_decl : GRAY_IMG ID '<' NUM_LIT ',' NUM_LIT ',' NUM_LIT '>' . new_lines  (49)

	NEWLINE  shift 6
	.  error

	new_lines  goto 222


state 219
	vid_decl : VID ID '<' NUM_LIT ',' NUM_LIT ',' NUM_LIT '>' . new_lines  (53)

	NEWLINE  shift 6
	.  error

	new_lines  goto 223


state 220
	gray_vid_decl : GRAY_VID ID '<' NUM_LIT ',' NUM_LIT ',' NUM_LIT '>' . new_lines  (55)

	NEWLINE  shift 6
	.  error

	new_lines  goto 224


state 221
	new_lines : new_lines . NEWLINE  (7)
	img_decl : IMG ID '<' NUM_LIT ',' NUM_LIT ',' NUM_LIT '>' new_lines .  (45)

	NEWLINE  shift 10
	RETURN  reduce 45
	IMG  reduce 45
	GRAY_IMG  reduce 45
	VID  reduce 45
	GRAY_VID  reduce 45
	NUM  reduce 45
	REAL  reduce 45
	ID  reduce 45
	'{'  reduce 45
	'}'  reduce 45


state 222
	new_lines : new_lines . NEWLINE  (7)
	gray_img_decl : GRAY_IMG ID '<' NUM_LIT ',' NUM_LIT ',' NUM_LIT '>' new_lines .  (49)

	NEWLINE  shift 10
	RETURN  reduce 49
	IMG  reduce 49
	GRAY_IMG  reduce 49
	VID  reduce 49
	GRAY_VID  reduce 49
	NUM  reduce 49
	REAL  reduce 49
	ID  reduce 49
	'{'  reduce 49
	'}'  reduce 49


state 223
	new_lines : new_lines . NEWLINE  (7)
	vid_decl : VID ID '<' NUM_LIT ',' NUM_LIT ',' NUM_LIT '>' new_lines .  (53)

	NEWLINE  shift 10
	RETURN  reduce 53
	IMG  reduce 53
	GRAY_IMG  reduce 53
	VID  reduce 53
	GRAY_VID  reduce 53
	NUM  reduce 53
	REAL  reduce 53
	ID  reduce 53
	'{'  reduce 53
	'}'  reduce 53


state 224
	new_lines : new_lines . NEWLINE  (7)
	gray_vid_decl : GRAY_VID ID '<' NUM_LIT ',' NUM_LIT ',' NUM_LIT '>' new_lines .  (55)

	NEWLINE  shift 10
	RETURN  reduce 55
	IMG  reduce 55
	GRAY_IMG  reduce 55
	VID  reduce 55
	GRAY_VID  reduce 55
	NUM  reduce 55
	REAL  reduce 55
	ID  reduce 55
	'{'  reduce 55
	'}'  reduce 55


41 terminals, 31 nonterminals
100 grammar rules, 225 states

grammar parser grammar
symbol# value# symbol
     0      0  $end
     1    256  error
     2    257  IF
     3    258  ELSE_IF
     4    259  RETURN
     5    260  CONTINUE
     6    261  BREAK
     7    262  LOOP
     8    263  INK
     9    264  ARROW
    10    265  DOT_OP
    11    266  LOG_OP
    12    267  REL_OP
    13    268  NEG_OP
    14    269  IMG
    15    270  GRAY_IMG
    16    271  VID
    17    272  GRAY_VID
    18    273  NUM
    19    274  REAL
    20    275  VOID
    21    276  BOOL
    22    277  BOOL_LIT
    23    278  NEWLINE
    24    279  ID
    25    280  NUM_LIT
    26    281  REAL_LIT
    27    282  PATH
    28    283  BINARY_OP
    29    284  UNARY_OP
    30    285  INV_OP
    31    123  '{'
    32    125  '}'
    33     40  '('
    34     41  ')'
    35     44  ','
    36     60  '<'
    37     62  '>'
    38     61  '='
    39     91  '['
    40     93  ']'
    41    286  $accept
    42    287  program
    43    288  function
    44    289  new_lines
    45    290  func_body
    46    291  stmt_list
    47    292  par_list
    48    293  RET_TYPE
    49    294  datatype
    50    295  par
    51    296  stmt
    52    297  decl_stmt
    53    298  call_stmt
    54    299  in_built_call_stmt
    55    300  expr_stmt
    56    301  return_stmt
    57    302  expr_pred
    58    303  img_decl
    59    304  gray_img_decl
    60    305  vid_decl
    61    306  gray_vid_decl
    62    307  num_decl
    63    308  real_decl
    64    309  num_array_decl
    65    310  real_array_decl
    66    311  array_element
    67    312  brak_pred
    68    313  brak_pred_list
    69    314  lit_list
    70    315  lit
    71    316  arg_list
